2019-04-09 10:22:11,880 - elsapy.elsclient - INFO - Module loaded.
2019-04-09 10:22:11,882 - elsapy.elsentity - INFO - Module loaded.
2019-04-09 10:22:11,882 - elsapy.elsprofile - INFO - Module loaded.
2019-04-09 10:22:11,883 - elsapy.elsdoc - INFO - Module loaded.
2019-04-09 10:22:11,884 - elsapy.elssearch - INFO - Module loaded.
2019-04-09 10:22:12,882 - elsapy.elsclient - INFO - Sending GET request to https://api.elsevier.com/content/search/scopus?query=Joint Sub-bands Learning with Clique Structures for Wavelet Domain Super-Resolution
2019-04-09 10:22:27,167 - elsapy.elsclient - INFO - Module loaded.
2019-04-09 10:22:27,168 - elsapy.elsentity - INFO - Module loaded.
2019-04-09 10:22:27,169 - elsapy.elsprofile - INFO - Module loaded.
2019-04-09 10:22:27,170 - elsapy.elsdoc - INFO - Module loaded.
2019-04-09 10:22:27,171 - elsapy.elssearch - INFO - Module loaded.
2019-04-09 10:22:28,168 - elsapy.elsclient - INFO - Sending GET request to https://api.elsevier.com/content/search/scopus?query=Joint Sub-bands Learning with Clique Structures for Wavelet Domain Super-Resolution
2019-04-09 10:22:54,420 - elsapy.elsclient - INFO - Module loaded.
2019-04-09 10:22:54,421 - elsapy.elsentity - INFO - Module loaded.
2019-04-09 10:22:54,421 - elsapy.elsprofile - INFO - Module loaded.
2019-04-09 10:22:54,422 - elsapy.elsdoc - INFO - Module loaded.
2019-04-09 10:22:54,423 - elsapy.elssearch - INFO - Module loaded.
2019-04-09 10:22:55,423 - elsapy.elsclient - INFO - Sending GET request to https://api.elsevier.com/content/search/scopus?query=Joint+Sub-bands+Learning+with+Clique+Structures+for+Wavelet+Domain+Super-Resolution
2019-04-09 10:23:34,771 - elsapy.elsclient - INFO - Module loaded.
2019-04-09 10:23:34,772 - elsapy.elsentity - INFO - Module loaded.
2019-04-09 10:23:34,772 - elsapy.elsprofile - INFO - Module loaded.
2019-04-09 10:23:34,773 - elsapy.elsdoc - INFO - Module loaded.
2019-04-09 10:23:34,774 - elsapy.elssearch - INFO - Module loaded.
2019-04-09 10:23:35,775 - elsapy.elsclient - INFO - Sending GET request to https://api.elsevier.com/content/search/scopus?query=On the Accuracy of Self-Normalized Log-Linear Models
2019-04-09 10:25:02,905 - elsapy.elsclient - INFO - Module loaded.
2019-04-09 10:25:02,907 - elsapy.elsentity - INFO - Module loaded.
2019-04-09 10:25:02,907 - elsapy.elsprofile - INFO - Module loaded.
2019-04-09 10:25:02,908 - elsapy.elsdoc - INFO - Module loaded.
2019-04-09 10:25:02,909 - elsapy.elssearch - INFO - Module loaded.
2019-04-09 10:25:03,905 - elsapy.elsclient - INFO - Sending GET request to https://api.elsevier.com/content/search/scopus?query=On the Accuracy of Self-Normalized Log-Linear Models
2019-04-09 10:25:21,498 - elsapy.elsclient - INFO - Module loaded.
2019-04-09 10:25:21,499 - elsapy.elsentity - INFO - Module loaded.
2019-04-09 10:25:21,499 - elsapy.elsprofile - INFO - Module loaded.
2019-04-09 10:25:21,500 - elsapy.elsdoc - INFO - Module loaded.
2019-04-09 10:25:21,501 - elsapy.elssearch - INFO - Module loaded.
2019-04-09 10:25:22,502 - elsapy.elsclient - INFO - Sending GET request to https://api.elsevier.com/content/search/scopus?query=On the Accuracy of Self-Normalized Log-Linear Models
2019-04-09 10:25:34,155 - elsapy.elsclient - INFO - Module loaded.
2019-04-09 10:25:34,157 - elsapy.elsentity - INFO - Module loaded.
2019-04-09 10:25:34,158 - elsapy.elsprofile - INFO - Module loaded.
2019-04-09 10:25:34,162 - elsapy.elsdoc - INFO - Module loaded.
2019-04-09 10:25:34,163 - elsapy.elssearch - INFO - Module loaded.
2019-04-09 10:25:35,158 - elsapy.elsclient - INFO - Sending GET request to https://api.elsevier.com/content/search/scopus?query=On the Accuracy of Self-Normalized Log-Linear Models
2019-04-09 10:26:08,714 - elsapy.elsclient - INFO - Module loaded.
2019-04-09 10:26:08,715 - elsapy.elsentity - INFO - Module loaded.
2019-04-09 10:26:08,716 - elsapy.elsprofile - INFO - Module loaded.
2019-04-09 10:26:08,716 - elsapy.elsdoc - INFO - Module loaded.
2019-04-09 10:26:08,717 - elsapy.elssearch - INFO - Module loaded.
2019-04-09 10:26:09,719 - elsapy.elsclient - INFO - Sending GET request to https://api.elsevier.com/content/search/scopus?query=On the Accuracy of Self-Normalized Log-Linear Models
